<?xml version="1.0" encoding="UTF-8"?>
<!-- Generated by org.testng.reporters.JUnitReportReporter -->
<testsuite name="testcase.Testing" tests="13" time="224.432" ignored="0" failures="0" timestamp="02 Apr 2017 19:38:28 GMT" skipped="0" hostname="thuluva" errors="1">
  <testcase name="VocationsWithPartialLinkText" time="26.998" classname="testcase.Testing">
    <error type="org.openqa.selenium.NoSuchElementException" message="Unable to locate element: Vocati
For documentation on this error, please visit: http://seleniumhq.org/exceptions/no_such_element.html
Build info: version: &#039;unknown&#039;, revision: &#039;5234b32&#039;, time: &#039;2017-03-10 09:00:17 -0800&#039;
System info: host: &#039;THULUVA&#039;, ip: &#039;192.168.1.169&#039;, os.name: &#039;Windows 10&#039;, os.arch: &#039;amd64&#039;, os.version: &#039;10.0&#039;, java.version: &#039;1.8.0_92&#039;
Driver info: org.openqa.selenium.firefox.FirefoxDriver
Capabilities [{moz:profile=C:\Users\GOUTHA~1\AppData\Local\Temp\rust_mozprofile.AG3ETrM1DxJu, rotatable=false, timeouts={implicit=0, page load=300000, script=30000}, pageLoadStrategy=normal, platform=ANY, specificationLevel=0, moz:accessibilityChecks=false, acceptInsecureCerts=false, browserVersion=52.0.2, platformVersion=10.0, moz:processID=22032, browserName=firefox, platformName=windows_nt}]
Session ID: e2092c0e-2d90-4037-a794-ef2c04a4b075
*** Element info: {Using=partial link text, value=Vocati}">
      <![CDATA[org.openqa.selenium.NoSuchElementException: Unable to locate element: Vocati
For documentation on this error, please visit: http://seleniumhq.org/exceptions/no_such_element.html
Build info: version: 'unknown', revision: '5234b32', time: '2017-03-10 09:00:17 -0800'
System info: host: 'THULUVA', ip: '192.168.1.169', os.name: 'Windows 10', os.arch: 'amd64', os.version: '10.0', java.version: '1.8.0_92'
Driver info: org.openqa.selenium.firefox.FirefoxDriver
Capabilities [{moz:profile=C:\Users\GOUTHA~1\AppData\Local\Temp\rust_mozprofile.AG3ETrM1DxJu, rotatable=false, timeouts={implicit=0, page load=300000, script=30000}, pageLoadStrategy=normal, platform=ANY, specificationLevel=0, moz:accessibilityChecks=false, acceptInsecureCerts=false, browserVersion=52.0.2, platformVersion=10.0, moz:processID=22032, browserName=firefox, platformName=windows_nt}]
Session ID: e2092c0e-2d90-4037-a794-ef2c04a4b075
*** Element info: {Using=partial link text, value=Vocati}
	at sun.reflect.NativeConstructorAccessorImpl.newInstance0(Native Method)
	at sun.reflect.NativeConstructorAccessorImpl.newInstance(Unknown Source)
	at sun.reflect.DelegatingConstructorAccessorImpl.newInstance(Unknown Source)
	at java.lang.reflect.Constructor.newInstance(Unknown Source)
	at org.openqa.selenium.remote.http.W3CHttpResponseCodec.createException(W3CHttpResponseCodec.java:133)
	at org.openqa.selenium.remote.http.W3CHttpResponseCodec.decode(W3CHttpResponseCodec.java:99)
	at org.openqa.selenium.remote.http.W3CHttpResponseCodec.decode(W3CHttpResponseCodec.java:43)
	at org.openqa.selenium.remote.HttpCommandExecutor.execute(HttpCommandExecutor.java:163)
	at org.openqa.selenium.remote.service.DriverCommandExecutor.execute(DriverCommandExecutor.java:82)
	at org.openqa.selenium.remote.RemoteWebDriver.execute(RemoteWebDriver.java:604)
	at org.openqa.selenium.remote.RemoteWebDriver.findElement(RemoteWebDriver.java:371)
	at org.openqa.selenium.remote.RemoteWebDriver.findElementByPartialLinkText(RemoteWebDriver.java:436)
	at org.openqa.selenium.By$ByPartialLinkText.findElement(By.java:273)
	at org.openqa.selenium.remote.RemoteWebDriver.findElement(RemoteWebDriver.java:363)
	at testcase.Testing.VocationsWithPartialLinkText(Testing.java:107)
	at sun.reflect.NativeMethodAccessorImpl.invoke0(Native Method)
	at sun.reflect.NativeMethodAccessorImpl.invoke(Unknown Source)
	at sun.reflect.DelegatingMethodAccessorImpl.invoke(Unknown Source)
	at java.lang.reflect.Method.invoke(Unknown Source)
	at org.testng.internal.MethodInvocationHelper.invokeMethod(MethodInvocationHelper.java:104)
	at org.testng.internal.Invoker.invokeMethod(Invoker.java:645)
	at org.testng.internal.Invoker.invokeTestMethod(Invoker.java:851)
	at org.testng.internal.Invoker.invokeTestMethods(Invoker.java:1177)
	at org.testng.internal.TestMethodWorker.invokeTestMethods(TestMethodWorker.java:129)
	at org.testng.internal.TestMethodWorker.run(TestMethodWorker.java:112)
	at org.testng.TestRunner.privateRun(TestRunner.java:756)
	at org.testng.TestRunner.run(TestRunner.java:610)
	at org.testng.SuiteRunner.runTest(SuiteRunner.java:387)
	at org.testng.SuiteRunner.runSequentially(SuiteRunner.java:382)
	at org.testng.SuiteRunner.privateRun(SuiteRunner.java:340)
	at org.testng.SuiteRunner.run(SuiteRunner.java:289)
	at org.testng.SuiteRunnerWorker.runSuite(SuiteRunnerWorker.java:52)
	at org.testng.SuiteRunnerWorker.run(SuiteRunnerWorker.java:86)
	at org.testng.TestNG.runSuitesSequentially(TestNG.java:1293)
	at org.testng.TestNG.runSuitesLocally(TestNG.java:1218)
	at org.testng.TestNG.runSuites(TestNG.java:1133)
	at org.testng.TestNG.run(TestNG.java:1104)
	at org.testng.remote.AbstractRemoteTestNG.run(AbstractRemoteTestNG.java:132)
	at org.testng.remote.RemoteTestNG.initAndRun(RemoteTestNG.java:236)
	at org.testng.remote.RemoteTestNG.main(RemoteTestNG.java:81)
]]>
    </error>
  </testcase> <!-- VocationsWithPartialLinkText -->
  <testcase name="DestinationLinkWithPartial_LinkText" time="15.638" classname="testcase.Testing"/>
  <testcase name="RegisterWithPartialLinkText" time="15.806" classname="testcase.Testing"/>
  <testcase name="SupportWithPartial_LinkText" time="16.436" classname="testcase.Testing"/>
  <testcase name="ContactWithPartial_LinkText" time="15.406" classname="testcase.Testing"/>
  <testcase name="FlightsWithPartial_LinkText" time="15.497" classname="testcase.Testing"/>
  <testcase name="HotelsWithPartialLinkText" time="15.830" classname="testcase.Testing"/>
  <testcase name="DestinationsWithPartialLinkText" time="15.910" classname="testcase.Testing"/>
  <testcase name="Car_RentalsPartial_LinkText" time="19.823" classname="testcase.Testing"/>
  <testcase name="TcHomeWtihPartial_LinkText" time="20.610" classname="testcase.Testing"/>
  <testcase name="VocationsLinkWithPartil_LinkText" time="12.588" classname="testcase.Testing"/>
  <testcase name="CruisesWithPartialLinkText" time="17.937" classname="testcase.Testing"/>
  <testcase name="SigninwithPartialLinkText" time="15.953" classname="testcase.Testing"/>
</testsuite> <!-- testcase.Testing -->
